[    9673ms] [ERROR] Failed to load resource: the server responded with a status of 404 (Not Found) @ https://localhost:3443/api/chat/sessions/9bc0443c-d669-471c-aa56-e4cb599048fe/messages:0
[   10689ms] [ERROR] Failed to load resource: the server responded with a status of 404 (Not Found) @ https://localhost:3443/api/chat/sessions/9bc0443c-d669-471c-aa56-e4cb599048fe/messages:0
[   17081ms] [ERROR] Error handled by React Router default ErrorBoundary: TypeError: Cannot read properties of undefined (reading 'toLocaleString')
    at hhe (https://localhost:3443/assets/index-BbRscU8F.js:152:5245)
    at Kb (https://localhost:3443/assets/index-BbRscU8F.js:38:16998)
    at Xy (https://localhost:3443/assets/index-BbRscU8F.js:40:3139)
    at rA (https://localhost:3443/assets/index-BbRscU8F.js:40:44804)
    at Jj (https://localhost:3443/assets/index-BbRscU8F.js:40:39766)
    at TL (https://localhost:3443/assets/index-BbRscU8F.js:40:39694)
    at up (https://localhost:3443/assets/index-BbRscU8F.js:40:39547)
    at oS (https://localhost:3443/assets/index-BbRscU8F.js:40:36662)
    at da (https://localhost:3443/assets/index-BbRscU8F.js:38:3274)
    at https://localhost:3443/assets/index-BbRscU8F.js:40:34246 @ https://localhost:3443/assets/index-BbRscU8F.js:51
[   17087ms] [ERROR] Error handled by React Router default ErrorBoundary: TypeError: Cannot read properties of undefined (reading 'toLocaleString')
    at hhe (https://localhost:3443/assets/index-BbRscU8F.js:152:5245)
    at Kb (https://localhost:3443/assets/index-BbRscU8F.js:38:16998)
    at Xy (https://localhost:3443/assets/index-BbRscU8F.js:40:3139)
    at rA (https://localhost:3443/assets/index-BbRscU8F.js:40:44804)
    at Jj (https://localhost:3443/assets/index-BbRscU8F.js:40:39766)
    at TL (https://localhost:3443/assets/index-BbRscU8F.js:40:39694)
    at up (https://localhost:3443/assets/index-BbRscU8F.js:40:39547)
    at og (https://localhost:3443/assets/index-BbRscU8F.js:40:35914)
    at oS (https://localhost:3443/assets/index-BbRscU8F.js:40:36717)
    at da (https://localhost:3443/assets/index-BbRscU8F.js:38:3274) @ https://localhost:3443/assets/index-BbRscU8F.js:51
[   17088ms] [ERROR] TypeError: Cannot read properties of undefined (reading 'toLocaleString')
    at hhe (https://localhost:3443/assets/index-BbRscU8F.js:152:5245)
    at Kb (https://localhost:3443/assets/index-BbRscU8F.js:38:16998)
    at Xy (https://localhost:3443/assets/index-BbRscU8F.js:40:3139)
    at rA (https://localhost:3443/assets/index-BbRscU8F.js:40:44804)
    at Jj (https://localhost:3443/assets/index-BbRscU8F.js:40:39766)
    at TL (https://localhost:3443/assets/index-BbRscU8F.js:40:39694)
    at up (https://localhost:3443/assets/index-BbRscU8F.js:40:39547)
    at og (https://localhost:3443/assets/index-BbRscU8F.js:40:35914)
    at oS (https://localhost:3443/assets/index-BbRscU8F.js:40:36717)
    at da (https://localhost:3443/assets/index-BbRscU8F.js:38:3274) @ https://localhost:3443/assets/index-BbRscU8F.js:39
[   17088ms] [ERROR] React Router caught the following error during render TypeError: Cannot read properties of undefined (reading 'toLocaleString')
    at hhe (https://localhost:3443/assets/index-BbRscU8F.js:152:5245)
    at Kb (https://localhost:3443/assets/index-BbRscU8F.js:38:16998)
    at Xy (https://localhost:3443/assets/index-BbRscU8F.js:40:3139)
    at rA (https://localhost:3443/assets/index-BbRscU8F.js:40:44804)
    at Jj (https://localhost:3443/assets/index-BbRscU8F.js:40:39766)
    at TL (https://localhost:3443/assets/index-BbRscU8F.js:40:39694)
    at up (https://localhost:3443/assets/index-BbRscU8F.js:40:39547)
    at og (https://localhost:3443/assets/index-BbRscU8F.js:40:35914)
    at oS (https://localhost:3443/assets/index-BbRscU8F.js:40:36717)
    at da (https://localhost:3443/assets/index-BbRscU8F.js:38:3274) @ https://localhost:3443/assets/index-BbRscU8F.js:51
